<?xml version="1.0" encoding="UTF-8"?>
<!-- Generated by org.testng.reporters.JUnitReportReporter -->
<testsuite hostname="DESKTOP-TLETKQT" failures="0" tests="1" name="com.testng.TestNG" time="0.017" errors="0" timestamp="2022-06-11T10:47:32 BDT" skipped="0">
  <testcase classname="com.testng.TestNG" name="LoginTest" time="0.017"/>
  <system-out/>
</testsuite> <!-- com.testng.TestNG -->
